<?xml version="1.0" encoding="UTF-8"?>
<!-- Generated by org.testng.reporters.JUnitReportReporter -->
<testsuite hostname="DESKTOP-13EDC9F" failures="0" tests="9" name="api.test.UserTestsDDT" time="14.856" errors="0" timestamp="2025-08-29T13:24:45 IST" skipped="0">
  <testcase classname="api.test.UserTestsDDT" name="userTestsCreateDDT" time="1.198"/>
  <testcase classname="api.test.UserTestsDDT" name="userTestsCreateDDT" time="1.214"/>
  <testcase classname="api.test.UserTestsDDT" name="userTestsCreateDDT" time="4.486"/>
  <testcase classname="api.test.UserTestsDDT" name="getUserTestDDT" time="1.209"/>
  <testcase classname="api.test.UserTestsDDT" name="getUserTestDDT" time="1.870"/>
  <testcase classname="api.test.UserTestsDDT" name="getUserTestDDT" time="1.238"/>
  <testcase classname="api.test.UserTestsDDT" name="userTestDeleteDDT" time="1.236"/>
  <testcase classname="api.test.UserTestsDDT" name="userTestDeleteDDT" time="1.204"/>
  <testcase classname="api.test.UserTestsDDT" name="userTestDeleteDDT" time="1.201"/>
</testsuite> <!-- api.test.UserTestsDDT -->
